2022-11-11 14:54:35,518 - INFO - Started
2022-11-11 14:54:35,520 - INFO - Need to create schema
2022-11-11 14:56:47,526 - INFO - Database exists.
2022-11-11 14:57:00,132 - INFO - Database exists.
2022-11-11 14:58:20,219 - INFO - Finished
2022-11-11 15:00:24,620 - INFO - Started
2022-11-11 15:00:24,624 - INFO - Database exists.
2022-11-11 15:00:25,918 - INFO - Database exists.
2022-11-11 15:00:33,473 - INFO - Finished
2022-11-16 11:08:35,118 - INFO - Started
2022-11-16 11:08:35,120 - INFO - Database exists.
2022-11-16 11:08:37,328 - INFO - Finished
2022-11-16 11:22:04,158 - INFO - Started
2022-11-16 11:22:04,163 - INFO - Database exists.
2022-11-16 11:22:08,302 - INFO - Finished
2022-11-24 19:01:08,221 - INFO - Started
2022-11-24 19:01:08,239 - INFO - Database exists.
2022-11-24 19:01:10,872 - INFO - Finished
2022-11-24 19:01:14,814 - INFO - Started
2022-11-24 19:01:14,816 - INFO - Database exists.
2022-11-24 19:01:17,141 - INFO - Finished
2022-11-24 19:09:03,024 - INFO - Started
2022-11-24 19:09:03,024 - INFO - Database exists.
2022-11-24 19:09:06,598 - INFO - Finished
2022-11-25 08:44:22,447 - INFO - Started
2022-11-25 08:44:22,447 - INFO - Database exists.
2022-11-25 08:44:28,107 - INFO - Database exists.
2022-11-25 08:44:35,616 - INFO - Finished
2022-11-25 08:47:10,687 - INFO - Started
2022-11-25 08:47:10,687 - INFO - Database exists.
2022-11-25 08:47:17,465 - INFO - Finished
2022-11-25 11:10:03,760 - INFO - Started
2022-11-25 11:10:03,765 - INFO - Database exists.
2022-11-25 11:10:03,956 - INFO - Started
2022-11-25 11:10:03,957 - INFO - Database exists.
2022-11-25 11:10:07,759 - INFO - Started
2022-11-25 11:10:07,760 - INFO - Database exists.
2022-11-25 11:10:37,716 - INFO - Started
2022-11-25 11:10:37,717 - INFO - Database exists.
2022-11-25 12:07:55,150 - INFO - Started
2022-11-25 12:07:55,156 - INFO - Database exists.
2022-11-25 12:09:21,505 - INFO - Started
2022-11-25 12:09:21,507 - INFO - Database exists.
2022-11-25 12:09:34,470 - INFO - Started
2022-11-25 12:09:34,471 - INFO - Database exists.
2022-11-25 12:09:39,915 - INFO - Database exists.
2022-11-25 12:16:17,737 - INFO - Database exists.
2022-11-25 12:18:35,946 - INFO - Finished
2022-11-25 12:18:36,185 - INFO - Started
2022-11-25 12:18:36,186 - INFO - Database exists.
2022-11-25 12:18:38,165 - INFO - Finished
2022-11-25 12:18:38,399 - INFO - Started
2022-11-25 12:18:38,400 - INFO - Database exists.
2022-11-25 12:18:39,599 - INFO - Finished
2022-11-25 12:21:28,998 - INFO - Started
2022-11-25 12:21:29,000 - INFO - Database exists.
2022-11-25 12:21:30,497 - INFO - Database exists.
2022-11-25 12:21:57,349 - INFO - Finished
2022-11-25 12:23:28,366 - INFO - Started
2022-11-25 12:23:28,367 - INFO - Database exists.
2022-11-25 12:23:29,878 - INFO - Database exists.
2022-11-25 12:23:51,571 - INFO - Finished
2022-11-25 12:23:52,537 - INFO - Started
2022-11-25 12:23:52,538 - INFO - Database exists.
2022-11-25 12:23:53,803 - INFO - Database exists.
2022-11-25 12:24:29,085 - INFO - Finished
2022-11-25 12:24:30,039 - INFO - Started
2022-11-25 12:24:30,040 - INFO - Database exists.
2022-11-25 12:24:31,368 - INFO - Database exists.
2022-11-25 12:24:48,855 - INFO - Finished
2022-11-25 12:24:49,710 - INFO - Started
2022-11-25 12:24:49,711 - INFO - Database exists.
2022-11-25 12:24:51,114 - INFO - Database exists.
2022-11-25 12:25:21,860 - INFO - Finished
2022-11-25 12:25:32,556 - INFO - Started
2022-11-25 12:25:32,557 - INFO - Database exists.
2022-11-25 12:25:34,176 - INFO - Database exists.
2022-11-25 12:27:14,868 - INFO - Finished
2022-11-25 12:28:12,690 - INFO - Started
2022-11-25 12:28:12,691 - INFO - Database exists.
2022-11-25 12:28:14,236 - INFO - Database exists.
2022-11-25 12:28:23,625 - INFO - Finished
2022-11-25 12:28:50,844 - INFO - Started
2022-11-25 12:28:50,845 - INFO - Database exists.
2022-11-25 12:28:52,177 - INFO - Database exists.
2022-11-25 12:28:58,234 - INFO - Finished
2022-11-25 12:51:27,838 - INFO - Started
2022-11-25 12:51:27,842 - INFO - Database exists.
2022-11-25 12:51:51,224 - INFO - Started
2022-11-25 12:51:51,225 - INFO - Database exists.
2022-11-25 12:52:18,175 - INFO - Started
2022-11-25 12:52:18,176 - INFO - Database exists.
2022-11-25 12:52:24,887 - INFO - Started
2022-11-25 12:52:24,888 - INFO - Database exists.
2022-11-25 12:52:26,418 - INFO - Database exists.
2022-11-25 13:07:16,283 - INFO - Finished
2022-11-25 13:07:21,765 - INFO - Started
2022-11-25 13:07:21,767 - INFO - Need to create schema
2022-11-25 13:08:22,076 - INFO - Started
2022-11-25 13:08:22,077 - INFO - Need to create schema
2022-11-25 13:08:47,807 - INFO - Started
2022-11-25 13:08:47,808 - INFO - Need to create schema
2022-11-25 13:08:51,909 - INFO - Database exists.
2022-11-25 13:17:15,941 - INFO - Finished
2022-11-25 13:17:21,856 - INFO - Started
2022-11-25 13:17:21,857 - INFO - Need to create schema
2022-11-25 13:17:23,340 - INFO - Database exists.
2022-11-25 13:18:28,122 - INFO - Finished
2022-11-25 13:18:29,267 - INFO - Started
2022-11-25 13:18:29,268 - INFO - Database exists.
2022-11-25 13:18:30,552 - INFO - Database exists.
2022-11-25 13:19:14,774 - INFO - Finished
2022-11-25 13:19:16,871 - INFO - Started
2022-11-25 13:19:16,873 - INFO - Database exists.
2022-11-25 13:19:18,590 - INFO - Database exists.
2022-11-25 13:26:52,569 - INFO - Finished
2022-11-25 13:27:02,274 - INFO - Started
2022-11-25 13:27:02,275 - INFO - Database exists.
2022-11-25 13:27:03,816 - INFO - Database exists.
2022-11-25 13:27:11,565 - INFO - Finished
2022-11-25 13:27:20,808 - INFO - Started
2022-11-25 13:27:20,809 - INFO - Database exists.
2022-11-25 13:27:22,508 - INFO - Database exists.
2022-11-25 13:27:41,348 - INFO - Finished
2022-11-25 13:28:15,945 - INFO - Started
2022-11-25 13:28:15,946 - INFO - Database exists.
2022-11-25 13:28:17,479 - INFO - Database exists.
2022-11-25 13:29:02,291 - INFO - Finished
2022-11-25 13:29:03,259 - INFO - Started
2022-11-25 13:29:03,260 - INFO - Database exists.
2022-11-25 13:29:04,703 - INFO - Database exists.
2022-11-25 13:29:16,059 - INFO - Database exists.
2022-11-25 13:29:25,996 - INFO - Finished
2022-11-25 13:29:40,990 - INFO - Started
2022-11-25 13:29:40,991 - INFO - Database exists.
2022-11-25 13:29:42,312 - INFO - Database exists.
2022-11-25 13:30:45,941 - INFO - Finished
2022-11-25 13:30:46,878 - INFO - Started
2022-11-25 13:30:46,879 - INFO - Database exists.
2022-11-25 13:30:48,167 - INFO - Database exists.
2022-11-25 13:30:53,908 - INFO - Database exists.
2022-11-25 13:31:08,686 - INFO - database is locked
2022-11-25 13:31:08,716 - INFO - Database exists.
2022-11-25 13:32:06,865 - INFO - Finished
2022-11-25 13:32:08,291 - INFO - Started
2022-11-25 13:32:08,293 - INFO - Database exists.
2022-11-25 13:32:09,896 - INFO - Database exists.
2022-11-25 13:32:15,328 - INFO - Database exists.
2022-11-25 13:33:38,785 - INFO - Finished
2022-11-25 13:33:41,197 - INFO - Started
2022-11-25 13:33:41,198 - INFO - Database exists.
2022-11-25 13:33:42,540 - INFO - Database exists.
2022-11-25 13:33:46,318 - INFO - Database exists.
2022-11-25 13:34:58,552 - INFO - Finished
2022-11-25 13:36:28,339 - INFO - Started
2022-11-25 13:36:28,346 - INFO - Database exists.
2022-11-25 13:36:32,532 - INFO - Database exists.
2022-11-25 13:37:09,506 - INFO - Started
2022-11-25 13:37:09,507 - INFO - Database exists.
2022-11-25 13:37:10,620 - INFO - Database exists.
2022-11-25 13:37:14,837 - INFO - Database exists.
2022-11-25 13:38:13,345 - INFO - Finished
2022-11-25 13:38:13,769 - INFO - Started
2022-11-25 13:38:13,771 - INFO - Database exists.
2022-11-25 13:38:16,324 - INFO - Database exists.
2022-11-25 13:38:21,158 - INFO - Database exists.
2022-11-25 13:43:13,082 - INFO - Finished
2022-11-25 13:43:14,311 - INFO - Started
2022-11-25 13:43:14,312 - INFO - Database exists.
2022-11-25 13:43:15,517 - INFO - Database exists.
2022-11-25 13:43:46,331 - INFO - Finished
2022-11-25 13:43:47,345 - INFO - Started
2022-11-25 13:43:47,346 - INFO - Database exists.
2022-11-25 13:43:48,699 - INFO - Database exists.
2022-11-25 13:45:15,533 - INFO - Finished
2022-11-25 13:45:16,591 - INFO - Started
2022-11-25 13:45:16,592 - INFO - Database exists.
2022-11-25 13:45:18,076 - INFO - Database exists.
2022-11-25 13:46:23,922 - INFO - Finished
2022-11-25 13:46:25,038 - INFO - Started
2022-11-25 13:46:25,039 - INFO - Database exists.
2022-11-25 13:46:26,092 - INFO - Database exists.
2022-11-25 13:47:50,942 - INFO - Finished
2022-11-25 13:47:52,092 - INFO - Started
2022-11-25 13:47:52,094 - INFO - Database exists.
2022-11-25 13:47:54,404 - INFO - Database exists.
2022-11-25 13:48:25,497 - INFO - Finished
2022-11-25 13:48:26,538 - INFO - Started
2022-11-25 13:48:26,539 - INFO - Database exists.
2022-11-25 13:48:27,727 - INFO - Database exists.
2022-11-25 13:48:37,736 - INFO - Finished
2022-11-25 13:48:42,547 - INFO - Started
2022-11-25 13:48:42,548 - INFO - Database exists.
2022-11-25 13:48:44,227 - INFO - Database exists.
2022-11-25 13:49:34,481 - INFO - Finished
2022-11-25 13:49:38,270 - INFO - Started
2022-11-25 13:49:38,271 - INFO - Database exists.
2022-11-25 13:49:39,491 - INFO - Database exists.
2022-11-25 13:51:42,032 - INFO - Finished
2022-11-25 13:51:44,201 - INFO - Started
2022-11-25 13:51:44,203 - INFO - Database exists.
2022-11-25 13:51:45,752 - INFO - Database exists.
2022-11-25 13:54:30,659 - INFO - Finished
2022-11-25 13:54:31,893 - INFO - Started
2022-11-25 13:54:31,896 - INFO - Database exists.
2022-11-25 13:54:33,150 - INFO - Database exists.
2022-11-25 13:57:51,723 - INFO - Finished
2022-11-25 13:57:53,158 - INFO - Started
2022-11-25 13:57:53,159 - INFO - Database exists.
2022-11-25 13:57:58,362 - INFO - Database exists.
2022-11-25 13:58:35,466 - INFO - Finished
2022-11-25 13:58:36,552 - INFO - Started
2022-11-25 13:58:36,553 - INFO - Database exists.
2022-11-25 13:58:37,568 - INFO - Database exists.
2022-11-25 13:59:06,915 - INFO - Finished
2022-11-25 13:59:08,045 - INFO - Started
2022-11-25 13:59:08,046 - INFO - Database exists.
2022-11-25 13:59:08,986 - INFO - Database exists.
2022-11-25 14:01:02,269 - INFO - Finished
2022-11-25 14:01:03,384 - INFO - Started
2022-11-25 14:01:03,385 - INFO - Database exists.
2022-11-25 14:01:04,536 - INFO - Database exists.
2022-11-25 14:01:14,612 - INFO - Finished
2022-11-25 14:01:15,796 - INFO - Started
2022-11-25 14:01:15,797 - INFO - Database exists.
2022-11-25 14:01:17,063 - INFO - Database exists.
2022-11-25 14:01:48,363 - INFO - Finished
2022-11-25 14:01:50,282 - INFO - Started
2022-11-25 14:01:50,283 - INFO - Database exists.
2022-11-25 14:01:51,557 - INFO - Database exists.
2022-11-25 14:03:32,896 - INFO - Finished
2022-11-25 14:03:34,011 - INFO - Started
2022-11-25 14:03:34,012 - INFO - Database exists.
2022-11-25 14:03:35,160 - INFO - Database exists.
2022-11-25 14:04:20,565 - INFO - Finished
2022-11-25 14:04:21,650 - INFO - Started
2022-11-25 14:04:21,651 - INFO - Database exists.
2022-11-25 14:04:22,773 - INFO - Database exists.
2022-11-25 14:04:27,837 - INFO - Finished
2022-11-25 14:04:49,585 - INFO - Started
2022-11-25 14:04:49,586 - INFO - Database exists.
2022-11-25 14:04:50,831 - INFO - Database exists.
2022-11-25 14:12:11,920 - INFO - Finished
2022-11-25 14:12:12,952 - INFO - Started
2022-11-25 14:12:12,954 - INFO - Database exists.
2022-11-25 14:12:14,325 - INFO - Database exists.
2022-11-25 14:12:16,324 - INFO - Database exists.
2022-11-25 14:14:12,561 - INFO - Finished
2022-11-25 14:14:13,559 - INFO - Started
2022-11-25 14:14:13,560 - INFO - Database exists.
2022-11-25 14:14:14,671 - INFO - Database exists.
2022-11-25 14:14:48,502 - INFO - Finished
2022-11-25 14:14:49,523 - INFO - Started
2022-11-25 14:14:49,525 - INFO - Database exists.
2022-11-25 14:14:50,720 - INFO - Database exists.
2022-11-25 14:15:32,796 - INFO - Finished
2022-11-25 14:15:34,545 - INFO - Started
2022-11-25 14:15:34,546 - INFO - Database exists.
2022-11-25 14:15:35,726 - INFO - Database exists.
2022-11-25 14:18:24,994 - INFO - Finished
2022-11-25 14:18:26,082 - INFO - Started
2022-11-25 14:18:26,083 - INFO - Database exists.
2022-11-25 14:18:27,379 - INFO - Database exists.
2022-11-25 14:18:40,914 - INFO - Database exists.
2022-11-25 14:18:46,933 - INFO - Database exists.
2022-11-25 14:19:09,411 - INFO - Database exists.
2022-11-25 14:19:26,721 - INFO - Database exists.
2022-11-25 14:19:45,016 - INFO - Database exists.
2022-11-25 14:19:49,246 - INFO - Database exists.
2022-11-25 14:19:53,475 - INFO - Database exists.
2022-11-25 14:19:55,603 - INFO - Database exists.
2022-11-25 14:19:58,745 - INFO - Finished
2022-11-25 14:34:07,390 - INFO - Started
2022-11-25 14:34:07,391 - INFO - Database exists.
2022-11-25 14:34:08,894 - INFO - Database exists.
2022-11-25 14:34:08,895 - INFO - Database exists.
2022-11-25 14:34:13,933 - INFO - Finished
2022-11-25 14:34:50,191 - INFO - Started
2022-11-25 14:34:50,192 - INFO - Database exists.
2022-11-25 14:34:51,439 - INFO - Database exists.
2022-11-25 14:34:51,441 - INFO - Database exists.
2022-11-25 14:37:17,155 - INFO - Finished
2022-11-25 14:37:18,419 - INFO - Started
2022-11-25 14:37:18,420 - INFO - Database exists.
2022-11-25 14:38:48,094 - INFO - Started
2022-11-25 14:38:48,097 - INFO - Database exists.
2022-11-25 14:42:43,668 - INFO - Started
2022-11-25 14:42:43,670 - INFO - Database exists.
2022-11-25 14:43:04,575 - INFO - Started
2022-11-25 14:43:04,576 - INFO - Database exists.
2022-11-25 14:43:05,920 - INFO - Database exists.
2022-11-25 14:43:05,922 - INFO - Database exists.
2022-11-25 14:43:10,880 - INFO - Finished
2022-11-25 14:43:43,860 - INFO - Started
2022-11-25 14:43:43,862 - INFO - Need to create schema
2022-11-25 14:43:44,057 - INFO - no such column: TASKS.NAME_TASK
2022-11-25 14:44:25,280 - INFO - Started
2022-11-25 14:44:25,281 - INFO - Database exists.
2022-11-25 14:44:31,182 - INFO - Database exists.
2022-11-25 14:44:31,184 - INFO - Database exists.
2022-11-25 14:44:32,282 - INFO - no such table: TASK
2022-11-25 14:44:35,076 - INFO - Finished
2022-11-25 14:45:38,881 - INFO - Started
2022-11-25 14:45:38,882 - INFO - Database exists.
2022-11-25 14:45:40,730 - INFO - Database exists.
2022-11-25 14:45:40,731 - INFO - Database exists.
2022-11-25 14:45:41,711 - INFO - no such table: TASK
2022-11-25 14:45:44,248 - INFO - Finished
2022-11-25 14:45:54,852 - INFO - Started
2022-11-25 14:45:54,853 - INFO - Need to create schema
2022-11-25 14:45:56,720 - INFO - Database exists.
2022-11-25 14:45:56,721 - INFO - Database exists.
2022-11-25 14:45:58,522 - INFO - no such table: TASK
2022-11-25 14:46:15,399 - INFO - Finished
2022-11-25 14:46:16,567 - INFO - Started
2022-11-25 14:46:16,569 - INFO - Database exists.
2022-11-25 14:46:18,289 - INFO - Database exists.
2022-11-25 14:46:18,291 - INFO - Database exists.
2022-11-25 14:46:27,103 - INFO - Finished
2022-11-25 14:47:58,490 - INFO - Started
2022-11-25 14:47:58,492 - INFO - Database exists.
2022-11-25 14:48:00,105 - INFO - Database exists.
2022-11-25 14:48:00,107 - INFO - Database exists.
2022-11-25 14:48:43,292 - INFO - Finished
2022-11-25 14:48:44,561 - INFO - Started
2022-11-25 14:48:44,562 - INFO - Database exists.
2022-11-25 14:48:46,034 - INFO - Database exists.
2022-11-25 14:48:46,037 - INFO - Database exists.
2022-11-25 14:48:58,949 - INFO - Finished
2022-11-25 14:58:55,258 - INFO - Started
2022-11-25 14:58:55,260 - INFO - Database exists.
2022-11-25 14:58:59,435 - INFO - Database exists.
2022-11-25 14:58:59,437 - INFO - Database exists.
2022-11-25 15:00:35,602 - INFO - Finished
2022-11-25 15:00:37,289 - INFO - Started
2022-11-25 15:00:37,290 - INFO - Database exists.
2022-11-25 15:00:44,330 - INFO - Finished
2022-11-25 15:00:46,447 - INFO - Started
2022-11-25 15:00:46,448 - INFO - Database exists.
2022-11-25 15:00:47,899 - INFO - Finished
2022-11-25 15:01:00,822 - INFO - Started
2022-11-25 15:01:00,824 - INFO - Database exists.
2022-11-25 15:01:02,913 - INFO - Finished
2022-11-25 15:01:11,587 - INFO - Started
2022-11-25 15:01:11,588 - INFO - Database exists.
2022-11-25 15:01:14,174 - INFO - Database exists.
2022-11-25 15:01:14,176 - INFO - Database exists.
2022-11-25 15:01:18,371 - INFO - Finished
2022-11-25 15:02:18,770 - INFO - Started
2022-11-25 15:02:18,772 - INFO - Database exists.
2022-11-25 15:02:20,559 - INFO - Database exists.
2022-11-25 15:02:20,561 - INFO - Database exists.
2022-11-25 15:02:23,392 - INFO - Finished
2022-11-25 15:03:20,232 - INFO - Started
2022-11-25 15:03:20,234 - INFO - Need to create schema
2022-11-25 15:03:25,202 - INFO - Database exists.
2022-11-25 15:03:25,204 - INFO - Database exists.
2022-11-25 15:03:32,610 - INFO - Finished
2022-11-25 15:27:42,373 - INFO - Started
2022-11-25 15:27:42,374 - INFO - Need to create schema
2022-11-25 15:27:50,768 - INFO - Database exists.
2022-11-25 15:27:50,770 - INFO - Database exists.
2022-11-25 15:27:55,170 - INFO - Finished
2022-11-26 11:46:53,437 - INFO - Started
2022-11-26 11:46:53,443 - INFO - Database exists.
2022-11-26 11:47:18,303 - INFO - Database exists.
2022-11-26 11:47:18,303 - INFO - Database exists.
2022-11-26 11:47:40,331 - INFO - Started
2022-11-26 11:47:40,332 - INFO - Database exists.
2022-11-26 11:47:44,490 - INFO - Database exists.
2022-11-26 11:47:44,493 - INFO - Database exists.
2022-11-26 11:49:43,319 - INFO - Finished
2022-11-26 11:49:44,754 - INFO - Started
2022-11-26 11:49:44,757 - INFO - Database exists.
2022-11-26 11:49:46,333 - INFO - Database exists.
2022-11-26 11:49:46,336 - INFO - Database exists.
2022-11-26 11:57:12,617 - INFO - Finished
2022-11-26 11:57:37,323 - INFO - Started
2022-11-26 11:57:37,324 - INFO - Database exists.
2022-11-26 11:57:38,626 - INFO - Database exists.
2022-11-26 11:57:38,628 - INFO - Database exists.
2022-11-26 11:58:43,291 - INFO - Finished
2022-11-26 11:58:44,302 - INFO - Started
2022-11-26 11:58:44,303 - INFO - Database exists.
2022-11-26 11:58:45,679 - INFO - Database exists.
2022-11-26 11:58:45,681 - INFO - Database exists.
2022-11-26 11:58:59,526 - INFO - Database exists.
2022-11-26 11:59:13,579 - INFO - Finished
2022-11-26 11:59:14,500 - INFO - Started
2022-11-26 11:59:14,501 - INFO - Database exists.
2022-11-26 11:59:15,576 - INFO - Database exists.
2022-11-26 11:59:15,578 - INFO - Database exists.
2022-11-26 11:59:26,082 - INFO - Database exists.
2022-11-26 11:59:35,181 - INFO - Database exists.
2022-11-26 12:02:32,017 - INFO - Finished
2022-11-26 12:02:33,068 - INFO - Started
2022-11-26 12:02:33,069 - INFO - Database exists.
2022-11-26 12:02:34,350 - INFO - Database exists.
2022-11-26 12:02:34,351 - INFO - Database exists.
2022-11-26 12:02:37,823 - INFO - Finished
2022-11-26 12:02:44,928 - INFO - Started
2022-11-26 12:02:44,929 - INFO - Database exists.
2022-11-26 12:02:45,894 - INFO - Database exists.
2022-11-26 12:02:45,895 - INFO - Database exists.
2022-11-26 12:02:49,674 - INFO - Finished
2022-11-26 12:02:55,548 - INFO - Started
2022-11-26 12:02:55,549 - INFO - Database exists.
2022-11-26 12:02:56,660 - INFO - Database exists.
2022-11-26 12:02:56,662 - INFO - Database exists.
2022-11-26 12:03:05,080 - INFO - Database exists.
2022-11-26 12:03:08,751 - INFO - Database exists.
2022-11-26 12:03:14,319 - INFO - Finished
2022-11-26 12:08:57,083 - INFO - Started
2022-11-26 12:08:57,085 - INFO - Database exists.
2022-11-26 12:09:50,840 - INFO - Started
2022-11-26 12:09:50,841 - INFO - Database exists.
2022-11-26 12:09:59,135 - INFO - Database exists.
2022-11-26 12:09:59,137 - INFO - Database exists.
2022-11-26 12:10:01,405 - INFO - Incorrect number of bindings supplied. The current statement uses 1, and there are 0 supplied.
2022-11-26 12:10:55,807 - INFO - Finished
2022-11-26 12:11:07,511 - INFO - Started
2022-11-26 12:11:07,514 - INFO - Database exists.
2022-11-26 12:12:15,368 - INFO - Database exists.
2022-11-26 12:12:15,370 - INFO - Database exists.
2022-11-26 12:14:02,502 - INFO - Incorrect number of bindings supplied. The current statement uses 1, and there are 0 supplied.
2022-11-26 12:14:30,801 - INFO - Finished
2022-11-26 12:14:45,550 - INFO - Started
2022-11-26 12:14:45,551 - INFO - Database exists.
2022-11-26 12:14:46,872 - INFO - Database exists.
2022-11-26 12:14:46,874 - INFO - Database exists.
2022-11-26 12:14:58,499 - INFO - Database exists.
2022-11-26 12:14:58,501 - INFO - Database exists.
2022-11-26 12:15:08,423 - INFO - Database exists.
2022-11-26 12:15:16,500 - INFO - Database exists.
2022-11-26 12:15:21,532 - INFO - Finished
2022-11-26 12:15:42,530 - INFO - Started
2022-11-26 12:15:42,534 - INFO - Database exists.
2022-11-26 12:16:03,001 - INFO - Database exists.
2022-11-26 12:16:03,003 - INFO - Database exists.
2022-11-26 12:18:39,334 - INFO - Database exists.
2022-11-26 12:20:39,711 - INFO - Database exists.
2022-11-26 12:23:42,980 - INFO - Started
2022-11-26 12:23:42,981 - INFO - Database exists.
2022-11-26 12:23:44,914 - INFO - Database exists.
2022-11-26 12:23:44,925 - INFO - Database exists.
2022-11-26 12:24:41,459 - INFO - Started
2022-11-26 12:24:41,462 - INFO - Database exists.
2022-11-26 12:24:41,579 - INFO - Finished
2022-11-26 12:24:42,892 - INFO - Database exists.
2022-11-26 12:24:42,894 - INFO - Database exists.
2022-11-26 12:28:27,596 - INFO - Started
2022-11-26 12:28:27,597 - INFO - Database exists.
2022-11-26 12:28:29,156 - INFO - Database exists.
2022-11-26 12:28:29,156 - INFO - Database exists.
2022-11-26 12:28:35,182 - INFO - Database exists.
2022-11-26 12:28:44,900 - INFO - Finished
2022-11-26 12:29:00,821 - INFO - Started
2022-11-26 12:29:00,824 - INFO - Database exists.
2022-11-26 12:29:02,310 - INFO - Database exists.
2022-11-26 12:29:02,312 - INFO - Database exists.
2022-11-26 12:29:37,475 - INFO - Database exists.
2022-11-26 12:31:05,883 - INFO - Started
2022-11-26 12:31:05,885 - INFO - Database exists.
2022-11-26 12:31:07,346 - INFO - Database exists.
2022-11-26 12:31:07,348 - INFO - Database exists.
2022-11-26 12:31:12,389 - INFO - Database exists.
2022-11-26 12:31:20,496 - INFO - Database exists.
2022-11-26 12:31:42,901 - INFO - Finished
2022-11-26 12:31:44,021 - INFO - Started
2022-11-26 12:31:44,021 - INFO - Database exists.
2022-11-26 12:31:45,510 - INFO - Database exists.
2022-11-26 12:31:45,516 - INFO - Database exists.
2022-11-26 12:31:50,726 - INFO - Database exists.
2022-11-26 12:32:36,573 - INFO - Finished
2022-11-26 12:32:37,559 - INFO - Started
2022-11-26 12:32:37,559 - INFO - Database exists.
2022-11-26 12:32:38,860 - INFO - Database exists.
2022-11-26 12:32:38,866 - INFO - Database exists.
2022-11-26 12:32:42,736 - INFO - 0
2022-11-26 12:32:42,776 - INFO - Database exists.
2022-11-26 12:33:02,450 - INFO - 0
2022-11-26 12:33:02,487 - INFO - Database exists.
2022-11-26 12:33:07,325 - INFO - 0
2022-11-26 12:33:07,359 - INFO - Database exists.
2022-11-26 12:34:32,638 - INFO - Finished
2022-11-26 12:34:35,093 - INFO - Started
2022-11-26 12:34:35,093 - INFO - Database exists.
2022-11-26 12:34:36,715 - INFO - Database exists.
2022-11-26 12:34:36,717 - INFO - Database exists.
2022-11-26 12:38:35,695 - INFO - Finished
2022-11-26 12:38:37,593 - INFO - Started
2022-11-26 12:38:37,594 - INFO - Database exists.
2022-11-26 12:38:39,085 - INFO - Database exists.
2022-11-26 12:38:39,086 - INFO - Database exists.
2022-11-26 12:38:43,224 - INFO - True
2022-11-26 12:38:43,262 - INFO - Database exists.
2022-11-26 12:38:52,903 - INFO - True
2022-11-26 12:38:52,960 - INFO - Database exists.
2022-11-26 12:39:02,289 - INFO - True
2022-11-26 12:39:02,321 - INFO - Database exists.
2022-11-26 12:39:08,465 - INFO - True
2022-11-26 12:39:08,489 - INFO - Database exists.
2022-11-26 12:39:20,047 - INFO - True
2022-11-26 12:39:20,080 - INFO - Database exists.
2022-11-26 12:39:59,801 - INFO - Finished
2022-11-26 12:40:19,295 - INFO - Started
2022-11-26 12:40:19,297 - INFO - Database exists.
2022-11-26 12:40:20,979 - INFO - Database exists.
2022-11-26 12:40:20,981 - INFO - Database exists.
2022-11-26 12:40:35,681 - INFO - True
2022-11-26 12:43:16,235 - INFO - Started
2022-11-26 12:43:16,237 - INFO - Database exists.
2022-11-26 12:43:17,495 - INFO - Database exists.
2022-11-26 12:43:17,496 - INFO - Database exists.
2022-11-26 12:43:22,052 - INFO - Database exists.
2022-11-26 12:43:28,273 - INFO - Database exists.
2022-11-26 12:43:36,949 - INFO - Database exists.
2022-11-26 12:43:42,408 - INFO - Database exists.
2022-11-26 12:43:51,596 - INFO - Database exists.
2022-11-26 12:44:23,534 - INFO - Finished
2022-11-26 12:44:24,724 - INFO - Started
2022-11-26 12:44:24,725 - INFO - Database exists.
2022-11-26 12:44:26,659 - INFO - Database exists.
2022-11-26 12:44:26,661 - INFO - Database exists.
2022-11-26 12:44:33,670 - INFO - Database exists.
2022-11-26 12:44:47,177 - INFO - Database exists.
2022-11-26 12:44:55,965 - INFO - Database exists.
2022-11-26 12:47:05,961 - INFO - Finished
2022-11-26 12:47:13,961 - INFO - Started
2022-11-26 12:47:13,962 - INFO - Database exists.
2022-11-26 12:47:15,485 - INFO - Database exists.
2022-11-26 12:47:15,486 - INFO - Database exists.
2022-11-26 12:47:20,877 - INFO - Database exists.
2022-11-26 12:47:52,142 - INFO - Finished
2022-11-26 12:48:03,064 - INFO - Started
2022-11-26 12:48:03,065 - INFO - Database exists.
2022-11-26 12:48:04,477 - INFO - Database exists.
2022-11-26 12:48:04,479 - INFO - Database exists.
2022-11-26 12:48:08,043 - INFO - Database exists.
2022-11-26 12:48:14,750 - INFO - Database exists.
2022-11-26 12:48:23,215 - INFO - Database exists.
2022-11-26 12:49:17,884 - INFO - Finished
2022-11-26 12:49:19,022 - INFO - Started
2022-11-26 12:49:19,024 - INFO - Database exists.
2022-11-26 12:49:20,333 - INFO - Database exists.
2022-11-26 12:49:20,335 - INFO - Database exists.
2022-11-26 12:49:25,468 - INFO - Database exists.
2022-11-26 12:49:32,708 - INFO - Finished
2022-11-28 08:19:19,633 - INFO - Started
2022-11-28 08:19:19,638 - INFO - Database exists.
2022-11-28 08:19:21,117 - INFO - Database exists.
2022-11-28 08:19:21,119 - INFO - Database exists.
2022-11-28 08:19:30,465 - INFO - Finished
2022-11-28 08:20:30,166 - INFO - Started
2022-11-28 08:20:30,167 - INFO - Database exists.
2022-11-28 08:20:31,205 - INFO - Database exists.
2022-11-28 08:20:31,207 - INFO - Database exists.
2022-11-28 08:21:02,999 - INFO - Finished
2022-11-28 08:22:00,107 - INFO - Started
2022-11-28 08:22:00,108 - INFO - Database exists.
2022-11-28 08:22:01,549 - INFO - Database exists.
2022-11-28 08:22:01,551 - INFO - Database exists.
2022-11-28 08:22:11,650 - INFO - Finished
2022-11-28 08:22:20,769 - INFO - Started
2022-11-28 08:22:20,770 - INFO - Database exists.
2022-11-28 08:22:22,124 - INFO - Database exists.
2022-11-28 08:22:22,126 - INFO - Database exists.
2022-11-28 08:22:27,786 - INFO - Finished
2022-11-28 08:33:09,131 - INFO - Started
2022-11-28 08:33:09,136 - INFO - Database exists.
2022-11-28 08:33:10,406 - INFO - Database exists.
2022-11-28 08:33:10,408 - INFO - Database exists.
2022-11-28 08:33:52,248 - INFO - Finished
2022-11-28 08:34:47,903 - INFO - Started
2022-11-28 08:34:47,904 - INFO - Database exists.
2022-11-28 08:34:49,126 - INFO - Database exists.
2022-11-28 08:34:49,128 - INFO - Database exists.
2022-11-28 08:35:05,558 - INFO - Finished
2022-11-28 08:35:13,131 - INFO - Started
2022-11-28 08:35:13,132 - INFO - Database exists.
2022-11-28 08:35:14,354 - INFO - Database exists.
2022-11-28 08:35:14,356 - INFO - Database exists.
2022-11-28 08:35:22,492 - INFO - Finished
2022-11-28 08:35:46,507 - INFO - Started
2022-11-28 08:35:46,508 - INFO - Database exists.
2022-11-28 08:35:47,661 - INFO - Database exists.
2022-11-28 08:35:47,664 - INFO - Database exists.
2022-11-28 08:35:58,204 - INFO - Database exists.
2022-11-28 08:36:17,433 - INFO - Finished
2022-11-28 08:36:24,782 - INFO - Started
2022-11-28 08:36:24,783 - INFO - Database exists.
2022-11-28 08:36:26,042 - INFO - Database exists.
2022-11-28 08:36:26,044 - INFO - Database exists.
2022-11-28 08:36:31,226 - INFO - Database exists.
2022-11-28 08:37:34,249 - INFO - Finished
2022-11-28 08:45:05,075 - INFO - Started
2022-11-28 08:45:05,077 - INFO - Database exists.
2022-11-28 08:45:06,848 - INFO - Database exists.
2022-11-28 08:45:06,850 - INFO - Database exists.
2022-11-28 08:45:40,494 - INFO - Finished
2022-11-28 08:46:01,030 - INFO - Started
2022-11-28 08:46:01,032 - INFO - Database exists.
2022-11-28 08:46:02,368 - INFO - Database exists.
2022-11-28 08:46:02,371 - INFO - Database exists.
2022-11-28 08:47:24,496 - INFO - Finished
2022-11-28 09:06:48,553 - INFO - Started
2022-11-28 09:06:48,555 - INFO - Database exists.
2022-11-28 09:06:49,882 - INFO - Database exists.
2022-11-28 09:06:49,885 - INFO - Database exists.
2022-11-28 09:08:40,053 - INFO - Finished
2022-11-28 09:09:00,876 - INFO - Started
2022-11-28 09:09:00,877 - INFO - Database exists.
2022-11-28 09:09:02,339 - INFO - Database exists.
2022-11-28 09:09:02,341 - INFO - Database exists.
2022-11-28 09:10:54,876 - INFO - Finished
2022-11-28 09:11:04,070 - INFO - Started
2022-11-28 09:11:04,074 - INFO - Database exists.
2022-11-28 09:11:05,619 - INFO - Database exists.
2022-11-28 09:11:05,621 - INFO - Database exists.
2022-11-28 09:12:22,669 - INFO - Started
2022-11-28 09:12:22,671 - INFO - Database exists.
2022-11-28 09:12:26,682 - INFO - Database exists.
2022-11-28 09:12:26,684 - INFO - Database exists.
2022-11-28 09:13:44,957 - INFO - Database exists.
2022-11-28 09:14:12,281 - INFO - Database exists.
2022-11-28 09:20:15,295 - INFO - Finished
2022-11-28 09:20:17,561 - INFO - Started
2022-11-28 09:20:17,563 - INFO - Database exists.
2022-11-28 09:20:19,186 - INFO - Database exists.
2022-11-28 09:20:19,188 - INFO - Database exists.
2022-11-28 09:50:44,953 - INFO - Finished
2022-11-28 09:50:56,632 - INFO - Started
2022-11-28 09:50:56,633 - INFO - Database exists.
2022-11-28 09:51:30,750 - INFO - Database exists.
2022-11-28 09:51:30,752 - INFO - Database exists.
2022-11-28 09:53:18,621 - INFO - near "DEFAULT": syntax error
2022-11-28 09:53:18,655 - INFO - Database exists.
2022-11-28 09:54:34,798 - INFO - Finished
2022-11-28 09:54:35,987 - INFO - Started
2022-11-28 09:54:35,988 - INFO - Database exists.
2022-11-28 09:54:37,189 - INFO - Database exists.
2022-11-28 09:54:37,191 - INFO - Database exists.
2022-11-28 09:54:41,902 - INFO - Finished
2022-11-28 10:46:39,533 - INFO - Started
2022-11-28 10:46:39,535 - INFO - Database exists.
2022-11-28 10:46:40,679 - INFO - Database exists.
2022-11-28 10:46:40,681 - INFO - Database exists.
2022-11-28 10:48:59,545 - INFO - Finished
2022-11-28 10:49:00,727 - INFO - Started
2022-11-28 10:49:00,729 - INFO - Database exists.
2022-11-28 10:49:02,015 - INFO - Database exists.
2022-11-28 10:49:02,018 - INFO - Database exists.
2022-11-28 10:50:27,767 - INFO - Finished
2022-11-28 10:50:28,833 - INFO - Started
2022-11-28 10:50:28,834 - INFO - Database exists.
2022-11-28 10:50:29,911 - INFO - Database exists.
2022-11-28 10:50:29,913 - INFO - Database exists.
2022-11-28 10:51:57,201 - INFO - Finished
2022-11-28 10:51:58,460 - INFO - Started
2022-11-28 10:51:58,461 - INFO - Database exists.
2022-11-28 10:51:59,917 - INFO - Database exists.
2022-11-28 10:51:59,919 - INFO - Database exists.
2022-11-28 10:52:21,905 - INFO - Database exists.
2022-11-28 10:52:26,128 - INFO - Database exists.
2022-11-28 10:53:14,806 - INFO - Finished
2022-11-28 10:53:15,920 - INFO - Started
2022-11-28 10:53:15,921 - INFO - Database exists.
2022-11-28 10:53:17,305 - INFO - Database exists.
2022-11-28 10:53:17,307 - INFO - Database exists.
2022-11-28 10:53:29,696 - INFO - Database exists.
2022-11-28 10:53:46,713 - INFO - Finished
2022-11-28 10:54:40,924 - INFO - Started
2022-11-28 10:54:40,925 - INFO - Need to create schema
2022-11-28 10:55:04,672 - INFO - Database exists.
2022-11-28 10:55:04,675 - INFO - Database exists.
2022-11-28 10:56:19,416 - INFO - Finished
2022-11-28 10:56:25,893 - INFO - Started
2022-11-28 10:56:25,895 - INFO - Need to create schema
2022-11-28 10:56:31,587 - INFO - Database exists.
2022-11-28 10:56:31,589 - INFO - Database exists.
2022-11-28 10:57:04,592 - INFO - Finished
2022-11-28 10:57:05,667 - INFO - Started
2022-11-28 10:57:05,668 - INFO - Database exists.
2022-11-28 10:57:07,059 - INFO - Database exists.
2022-11-28 10:57:07,061 - INFO - Database exists.
2022-11-28 10:57:35,640 - INFO - Database exists.
2022-11-28 10:57:35,642 - INFO - Database exists.
2022-11-28 10:58:08,930 - INFO - Finished
2022-11-28 10:58:10,056 - INFO - Started
2022-11-28 10:58:10,058 - INFO - Database exists.
2022-11-28 10:58:36,539 - INFO - Database exists.
2022-11-28 10:58:36,541 - INFO - Database exists.
2022-11-28 10:59:19,711 - INFO - Finished
2022-11-28 11:25:32,110 - INFO - Started
2022-11-28 11:25:32,111 - INFO - Need to create schema
2022-11-28 11:25:33,460 - INFO - Database exists.
2022-11-28 11:25:33,461 - INFO - Database exists.
2022-11-28 11:26:30,189 - INFO - Finished
2022-11-28 11:26:31,321 - INFO - Started
2022-11-28 11:26:31,323 - INFO - Database exists.
2022-11-28 11:26:32,481 - INFO - Database exists.
2022-11-28 11:26:32,483 - INFO - Database exists.
2022-11-28 11:26:57,971 - INFO - Finished
2022-11-28 11:26:59,193 - INFO - Started
2022-11-28 11:26:59,196 - INFO - Database exists.
2022-11-28 11:27:00,739 - INFO - Database exists.
2022-11-28 11:27:00,741 - INFO - Database exists.
2022-11-28 11:27:05,643 - INFO - Finished
2022-11-28 11:27:26,802 - INFO - Started
2022-11-28 11:27:26,803 - INFO - Database exists.
2022-11-28 11:27:27,912 - INFO - Database exists.
2022-11-28 11:27:27,914 - INFO - Database exists.
2022-11-28 11:27:32,862 - INFO - Finished
2022-11-28 11:28:05,979 - INFO - Started
2022-11-28 11:28:05,980 - INFO - Database exists.
2022-11-28 11:28:07,310 - INFO - Database exists.
2022-11-28 11:28:07,315 - INFO - Database exists.
2022-11-28 11:28:12,634 - INFO - Finished
2022-11-28 11:28:21,426 - INFO - Started
2022-11-28 11:28:21,427 - INFO - Database exists.
2022-11-28 11:28:22,480 - INFO - Database exists.
2022-11-28 11:28:22,482 - INFO - Database exists.
2022-11-28 11:28:26,626 - INFO - Finished
2022-11-28 11:28:33,808 - INFO - Started
2022-11-28 11:28:33,809 - INFO - Database exists.
2022-11-28 11:28:34,879 - INFO - Database exists.
2022-11-28 11:28:34,881 - INFO - Database exists.
2022-11-28 11:28:38,336 - INFO - Finished
2022-11-28 11:29:08,314 - INFO - Started
2022-11-28 11:29:08,315 - INFO - Database exists.
2022-11-28 11:29:09,681 - INFO - Database exists.
2022-11-28 11:29:09,682 - INFO - Database exists.
2022-11-28 11:29:16,559 - INFO - Finished
2022-11-28 11:29:29,891 - INFO - Started
2022-11-28 11:29:29,894 - INFO - Database exists.
2022-11-28 11:29:30,846 - INFO - Database exists.
2022-11-28 11:29:30,850 - INFO - Database exists.
2022-11-28 11:29:40,789 - INFO - Finished
2022-11-28 11:29:53,203 - INFO - Started
2022-11-28 11:29:53,204 - INFO - Database exists.
2022-11-28 11:29:54,450 - INFO - Database exists.
2022-11-28 11:29:54,452 - INFO - Database exists.
2022-11-28 11:29:59,630 - INFO - Finished
2022-11-28 11:30:12,920 - INFO - Started
2022-11-28 11:30:12,921 - INFO - Database exists.
2022-11-28 11:30:14,346 - INFO - Database exists.
2022-11-28 11:30:14,348 - INFO - Database exists.
2022-11-28 11:30:21,810 - INFO - Finished
2022-11-28 11:31:53,443 - INFO - Started
2022-11-28 11:31:53,445 - INFO - Database exists.
2022-11-28 11:31:54,845 - INFO - Database exists.
2022-11-28 11:31:54,847 - INFO - Database exists.
2022-11-28 11:32:02,276 - INFO - Finished
2022-11-28 11:32:14,460 - INFO - Started
2022-11-28 11:32:14,461 - INFO - Database exists.
2022-11-28 11:32:15,660 - INFO - Database exists.
2022-11-28 11:32:15,664 - INFO - Database exists.
2022-11-28 11:32:20,843 - INFO - Finished
2022-11-28 11:32:29,913 - INFO - Started
2022-11-28 11:32:29,914 - INFO - Database exists.
2022-11-28 11:32:32,364 - INFO - Database exists.
2022-11-28 11:32:32,366 - INFO - Database exists.
2022-11-28 11:32:36,559 - INFO - Finished
2022-11-28 11:33:08,204 - INFO - Started
2022-11-28 11:33:08,261 - INFO - Database exists.
2022-11-28 11:33:10,033 - INFO - Database exists.
2022-11-28 11:33:10,035 - INFO - Database exists.
2022-11-28 11:33:15,571 - INFO - Finished
2022-11-28 11:33:40,426 - INFO - Started
2022-11-28 11:33:40,427 - INFO - Database exists.
2022-11-28 11:33:41,570 - INFO - Database exists.
2022-11-28 11:33:41,572 - INFO - Database exists.
2022-11-28 11:35:55,809 - INFO - Finished
2022-11-28 11:35:56,308 - INFO - Started
2022-11-28 11:35:56,310 - INFO - Database exists.
2022-11-28 11:36:01,429 - INFO - Database exists.
2022-11-28 11:36:01,431 - INFO - Database exists.
2022-11-28 11:58:46,766 - INFO - Finished
2022-11-28 11:58:47,221 - INFO - Started
2022-11-28 11:58:47,222 - INFO - Database exists.
2022-11-28 11:58:49,517 - INFO - Finished
2022-11-28 11:58:50,764 - INFO - Started
2022-11-28 11:58:50,765 - INFO - Database exists.
2022-11-28 11:58:52,220 - INFO - Database exists.
2022-11-28 11:58:52,221 - INFO - Database exists.
2022-11-28 12:01:11,430 - INFO - Finished
2022-11-28 14:28:12,014 - INFO - Started
2022-11-28 14:28:12,015 - INFO - Database exists.
2022-11-28 14:28:13,471 - INFO - Database exists.
2022-11-28 14:28:13,473 - INFO - Database exists.
2022-11-28 14:31:05,797 - INFO - Finished
2022-11-28 14:31:07,027 - INFO - Started
2022-11-28 14:31:07,028 - INFO - Database exists.
2022-11-28 14:31:08,273 - INFO - Database exists.
2022-11-28 14:31:08,274 - INFO - Database exists.
2022-11-28 14:31:29,071 - INFO - Finished
2022-11-28 14:31:58,306 - INFO - Started
2022-11-28 14:31:58,307 - INFO - Need to create schema
2022-11-28 14:31:59,656 - INFO - Database exists.
2022-11-28 14:31:59,658 - INFO - Database exists.
2022-11-28 14:33:01,663 - INFO - Finished
2022-11-28 14:33:02,826 - INFO - Started
2022-11-28 14:33:02,827 - INFO - Database exists.
2022-11-28 14:33:03,963 - INFO - Database exists.
2022-11-28 14:33:03,965 - INFO - Database exists.
2022-11-28 14:33:43,851 - INFO - near "DEFAULT": syntax error
2022-11-28 14:33:43,889 - INFO - Database exists.
2022-11-28 14:34:35,115 - INFO - Database exists.
2022-11-28 14:47:43,069 - INFO - Finished
2022-11-28 14:48:13,913 - INFO - Started
2022-11-28 14:48:13,916 - INFO - Database exists.
2022-11-28 14:48:23,194 - INFO - Database exists.
2022-11-28 14:48:23,195 - INFO - Database exists.
2022-11-28 14:55:16,765 - INFO - Started
2022-11-28 14:55:16,769 - INFO - Database exists.
2022-11-28 14:55:18,149 - INFO - Database exists.
2022-11-28 14:55:18,151 - INFO - Database exists.
2022-11-28 14:56:15,300 - INFO - Finished
2022-11-28 14:56:21,774 - INFO - Started
2022-11-28 14:56:21,776 - INFO - Database exists.
2022-11-28 14:56:25,023 - INFO - Database exists.
2022-11-28 14:56:25,025 - INFO - Database exists.
2022-11-28 14:58:57,836 - INFO - Started
2022-11-28 14:58:57,839 - INFO - Database exists.
2022-11-28 14:58:59,338 - INFO - Database exists.
2022-11-28 14:58:59,340 - INFO - Database exists.
2022-11-28 14:59:56,979 - INFO - Started
2022-11-28 14:59:56,980 - INFO - Database exists.
2022-11-28 14:59:58,308 - INFO - Database exists.
2022-11-28 14:59:58,310 - INFO - Database exists.
2022-11-28 15:00:15,776 - INFO - Finished
2022-11-28 15:00:15,970 - INFO - Started
2022-11-28 15:00:15,973 - INFO - Database exists.
2022-11-28 15:00:17,489 - INFO - Database exists.
2022-11-28 15:00:17,491 - INFO - Database exists.
2022-11-28 15:02:09,292 - INFO - Started
2022-11-28 15:02:09,293 - INFO - Database exists.
2022-11-28 15:02:10,469 - INFO - Database exists.
2022-11-28 15:02:10,471 - INFO - Database exists.
2022-11-28 15:03:17,531 - INFO - Finished
2022-11-28 15:03:18,898 - INFO - Started
2022-11-28 15:03:18,899 - INFO - Database exists.
2022-11-28 15:03:19,870 - INFO - Database exists.
2022-11-28 15:03:19,872 - INFO - Database exists.
2022-11-28 15:04:55,028 - INFO - Finished
2022-11-28 15:04:56,067 - INFO - Started
2022-11-28 15:04:56,069 - INFO - Database exists.
2022-11-28 15:04:57,373 - INFO - Database exists.
2022-11-28 15:04:57,375 - INFO - Database exists.
2022-11-28 15:05:11,711 - INFO - Finished
2022-11-28 15:05:50,209 - INFO - Started
2022-11-28 15:05:50,210 - INFO - Database exists.
2022-11-28 15:05:51,546 - INFO - Database exists.
2022-11-28 15:05:51,548 - INFO - Database exists.
2022-11-28 15:06:10,009 - INFO - Finished
2022-11-28 15:06:10,442 - INFO - Started
2022-11-28 15:06:10,443 - INFO - Database exists.
2022-11-28 15:06:13,568 - INFO - Database exists.
2022-11-28 15:06:13,570 - INFO - Database exists.
2022-11-28 15:06:26,389 - INFO - Finished
2022-11-28 15:07:04,326 - INFO - Started
2022-11-28 15:07:04,327 - INFO - Need to create schema
2022-11-28 15:08:16,830 - INFO - Finished
2022-11-28 15:08:30,798 - INFO - Started
2022-11-28 15:08:30,799 - INFO - Database exists.
2022-11-28 15:08:40,713 - INFO - Finished
2022-11-28 15:08:46,443 - INFO - Started
2022-11-28 15:08:46,444 - INFO - Need to create schema
2022-11-28 15:08:50,950 - INFO - Database exists.
2022-11-28 15:08:50,952 - INFO - Database exists.
2022-11-28 15:09:19,175 - INFO - Finished
2022-11-28 15:09:20,255 - INFO - Started
2022-11-28 15:09:20,256 - INFO - Database exists.
2022-11-28 15:09:21,689 - INFO - Database exists.
2022-11-28 15:09:21,691 - INFO - Database exists.
2022-11-28 15:09:28,670 - INFO - Finished
2022-11-28 15:10:36,225 - INFO - Started
2022-11-28 15:10:36,226 - INFO - Database exists.
2022-11-28 15:10:37,419 - INFO - Database exists.
2022-11-28 15:10:37,421 - INFO - Database exists.
2022-11-28 15:10:59,825 - INFO - Finished
2022-11-28 15:11:04,461 - INFO - Started
2022-11-28 15:11:04,462 - INFO - Database exists.
2022-11-28 15:11:06,349 - INFO - Database exists.
2022-11-28 15:11:06,351 - INFO - Database exists.
2022-11-28 15:11:13,222 - INFO - Database exists.
2022-11-28 15:11:20,250 - INFO - Database exists.
2022-11-28 15:11:33,167 - INFO - Finished
2022-11-28 15:11:50,911 - INFO - Started
2022-11-28 15:11:50,912 - INFO - Database exists.
2022-11-28 15:11:52,308 - INFO - Database exists.
2022-11-28 15:11:52,309 - INFO - Database exists.
2022-11-28 15:11:58,368 - INFO - Finished
2022-11-28 15:12:16,560 - INFO - Started
2022-11-28 15:12:16,561 - INFO - Database exists.
2022-11-28 15:12:17,968 - INFO - Database exists.
2022-11-28 15:12:17,970 - INFO - Database exists.
2022-11-28 15:13:02,074 - INFO - Finished
2022-11-28 16:39:32,472 - INFO - Started
2022-11-28 16:39:32,476 - INFO - Need to create schema
2022-11-28 16:39:36,426 - INFO - Database exists.
2022-11-28 16:39:36,428 - INFO - Database exists.
2022-11-28 16:39:53,297 - INFO - Finished
2022-11-28 16:40:04,526 - INFO - Started
2022-11-28 16:40:04,528 - INFO - Database exists.
2022-11-28 16:40:05,762 - INFO - Database exists.
2022-11-28 16:40:05,763 - INFO - Database exists.
2022-11-28 16:40:10,808 - INFO - Finished
2022-11-28 16:40:15,678 - INFO - Started
2022-11-28 16:40:15,679 - INFO - Database exists.
2022-11-28 16:40:18,282 - INFO - Database exists.
2022-11-28 16:40:18,284 - INFO - Database exists.
2022-11-28 16:40:46,779 - INFO - Database exists.
2022-11-28 16:40:58,372 - INFO - Finished
2022-11-28 17:05:30,479 - INFO - Started
2022-11-28 17:05:30,481 - INFO - Need to create schema
2022-11-28 17:05:35,862 - INFO - Database exists.
2022-11-28 17:05:35,871 - INFO - Database exists.
2022-11-28 17:06:42,622 - INFO - Database exists.
2022-11-28 17:06:42,624 - INFO - Database exists.
2022-11-28 17:07:05,542 - INFO - near "DEFAULT": syntax error
2022-11-28 17:07:05,590 - INFO - Database exists.
2022-11-28 17:07:22,278 - INFO - near "DEFAULT": syntax error
2022-11-28 17:07:22,325 - INFO - Database exists.
2022-11-28 17:07:28,419 - INFO - Finished
2022-11-28 17:17:19,724 - INFO - Started
2022-11-28 17:17:19,725 - INFO - Database exists.
2022-11-28 17:17:21,454 - INFO - Database exists.
2022-11-28 17:17:21,456 - INFO - Database exists.
2022-11-28 17:18:23,457 - INFO - Finished
2022-11-28 17:18:24,779 - INFO - Started
2022-11-28 17:18:24,780 - INFO - Database exists.
2022-11-28 17:18:25,913 - INFO - Database exists.
2022-11-28 17:18:25,914 - INFO - Database exists.
2022-11-28 17:18:32,733 - INFO - near "DEFAULT": syntax error
2022-11-28 17:18:32,780 - INFO - Database exists.
2022-11-28 17:18:47,457 - INFO - Finished
2022-11-28 17:18:54,309 - INFO - Started
2022-11-28 17:18:54,312 - INFO - Database exists.
2022-11-28 17:18:56,032 - INFO - Database exists.
2022-11-28 17:18:56,035 - INFO - Database exists.
2022-11-28 17:20:04,748 - INFO - Started
2022-11-28 17:20:04,749 - INFO - Database exists.
2022-11-28 17:20:06,266 - INFO - Database exists.
2022-11-28 17:20:06,267 - INFO - Database exists.
2022-11-28 17:20:30,705 - INFO - Finished
2022-11-28 17:20:31,500 - INFO - Started
2022-11-28 17:20:31,523 - INFO - Database exists.
2022-11-28 17:20:32,946 - INFO - Database exists.
2022-11-28 17:20:32,949 - INFO - Database exists.
2022-11-28 17:21:46,232 - INFO - Started
2022-11-28 17:21:46,235 - INFO - Database exists.
2022-11-28 17:21:48,253 - INFO - Database exists.
2022-11-28 17:21:48,255 - INFO - Database exists.
2022-11-28 17:22:54,964 - INFO - Started
2022-11-28 17:22:54,966 - INFO - Database exists.
2022-11-28 17:22:56,647 - INFO - Database exists.
2022-11-28 17:22:56,650 - INFO - Database exists.
2022-11-28 17:24:10,104 - INFO - Started
2022-11-28 17:24:10,108 - INFO - Database exists.
2022-11-28 17:24:11,909 - INFO - Database exists.
2022-11-28 17:24:11,911 - INFO - Database exists.
2022-11-28 17:25:06,388 - INFO - Started
2022-11-28 17:25:06,395 - INFO - Database exists.
2022-11-28 17:25:13,306 - INFO - Database exists.
2022-11-28 17:25:13,308 - INFO - Database exists.
2022-11-28 17:26:00,842 - INFO - Started
2022-11-28 17:26:00,843 - INFO - Database exists.
2022-11-28 17:26:04,263 - INFO - Database exists.
2022-11-28 17:26:04,264 - INFO - Database exists.
2022-11-28 17:26:10,185 - INFO - near "DEFAULT": syntax error
2022-11-28 17:26:10,218 - INFO - Database exists.
2022-11-28 17:26:16,948 - INFO - Finished
